1553890319029:help
1553890325170:exit
1554562814133:help
1554562859270:genre list
1554562874008:genre add Фантастика
1554562881894:genre list
1554562894550:genre delete 1000
1554562901875:genre list
1554562908103:genre delete 1000
1554562997767:help
1554563010397:author list
1554563055962:author add pavel 19.12.2007 ss@test.mail 12345 no_addr
1554563065581:autor list
1554563073031:author list
1554568574524:help
1554568588373:book list
1554568641512:stacktrace
1554568715117:help
1554568724345:book list
1554569003853:help
1554569024552:book find by id 1
1554570014654:book list
1554571565477:help
1554571569195:help book
1554571572829:help
1554571603302:book list
1554571616327:book find by id 1
1554571625697:book find by id 222
1554571767433:book list
1554571789065:book find by isbn 1111111
1554571807556:authors list
1554571812421:help
1554571821040:author list
1554571841062:book find by authorid 1
1554571959169:help
1554571978928:book find by authorid 1
1554572039836:book help
1554572042648:help
1554572055478:book find by authorid 1
1554572091128:book find by authorid 2
